[dev-server] Starting development server on port 3003...
[AssetsS3] AWS SDK not available
[AssetsS3] AWS SDK not available
[AssetsS3] AWS SDK not available - S3 storage disabled
[2026-01-03T13:46:45.518Z] [INFO] [CORSConfig] Initializing CORSConfig
[2026-01-03T13:46:45.520Z] [INFO] [CORSConfig] CORSConfig initialized
[2026-01-03T13:46:45.521Z] [INFO] [CircuitBreakerManager] Circuit breaker registered {"name":"database","options":{"failureThreshold":5,"successThreshold":2,"timeout":60000}}
[2026-01-03T13:46:45.521Z] [INFO] [CircuitBreakerManager] Circuit breaker registered {"name":"storage","options":{"failureThreshold":5,"successThreshold":2,"timeout":60000}}
[2026-01-03T13:46:45.521Z] [INFO] [CircuitBreakerManager] Circuit breaker registered {"name":"websocket","options":{"failureThreshold":10,"successThreshold":3,"timeout":30000}}
[2026-01-03T13:46:45.521Z] [INFO] [CircuitBreakerManager] Circuit breaker registered {"name":"upload","options":{"failureThreshold":5,"successThreshold":2,"timeout":90000}}
[2026-01-03T13:46:45.522Z] [INFO] [Server] Initializing server...
[13:46:45] INFO     Initializing server...
[2026-01-03T13:46:45.580Z] [WARN] [Scripts] SECURITY BOUNDARY: No SES Compartment available, using unvetted Function() sandbox {"context":"FallbackCompartment initialization","hasSES":false}
[2026-01-03T13:46:45.580Z] [ERROR] [Scripts] SECURITY BOUNDARY: Script execution without SES sandbox {"context":"SecureCompartment initialization","sandboxStatus":"FALLBACK","risk":"Prototype pollution possible if validation bypassed"}
[2026-01-03T13:46:45.580Z] [INFO] [World] World.init() called {"assetsUrl":"http://localhost:3000/assets","assetsDir":"C:\\dev\\hyperfy\\world\\assets"}
[2026-01-03T13:46:45.581Z] [INFO] [Server] Server initialization complete {"entities":0,"blueprints":0}
[13:46:45] INFO     Server initialization complete
[2026-01-03T13:46:45.581Z] [INFO] [PluginManager] Initializing PluginManager
[2026-01-03T13:46:45.629Z] [INFO] [Server] [CORS] CORS configuration registered {"origins":3,"methods":6}
[13:46:45] INFO     [CORS] CORS configuration registered
[2026-01-03T13:46:45.629Z] [INFO] [PluginManager] PluginManager initialized
[assets] initializing local storage
[2026-01-03T13:46:45.666Z] [INFO] [ServerLifecycleManager] Adding blueprint from collection {"blueprintId":"1gBgzpneVh"}
[2026-01-03T13:46:45.673Z] [INFO] [ServerLifecycleManager] Adding blueprint from collection {"blueprintId":"58UBIq2DWs"}
[2026-01-03T13:46:45.674Z] [INFO] [ServerLifecycleManager] Adding blueprint from collection {"blueprintId":"dLZuSHmCTC"}
[2026-01-03T13:46:45.674Z] [INFO] [ServerLifecycleManager] Adding blueprint from collection {"blueprintId":"2C4uMiZplQ"}
[2026-01-03T13:46:45.707Z] [INFO] [Server] HMR server initialized
[13:46:45] INFO     HMR server initialized
[2026-01-03T13:46:45.724Z] [INFO] [Server] Server running on port 3003 {"port":"3003","env":"development"}
[13:46:45] INFO     Server running on port 3003
[2026-01-03T13:46:45.724Z] [INFO] [Server] Telemetry started (batch interval: 60000ms)
[13:46:45] INFO     Telemetry started (batch interval: 60000ms)
[2026-01-03T13:46:45.724Z] [INFO] [Server] Server game loop started {"targetFps":60}
[13:46:45] INFO     Server game loop started
[2026-01-03T13:46:45.724Z] [INFO] [Server] AI provider health checks and telemetry started
[13:46:45] INFO     AI provider health checks and telemetry started
[2026-01-03T13:48:59.847Z] [ERROR] [Server] Cannot write headers after they are sent to the client {"requestId":"eoWy8lPu1iHy","path":"/","method":"GET","statusCode":500,"stack":"Error: Cannot write headers after they are sent to the client\n    at ServerResponse.writeHead (node:_http_server:351:11)\n    at safeWriteHead (C:\\dev\\hyperfy\\node_modules\\fastify\\lib\\reply.js:555:9)\n    at onSendEnd (C:\\dev\\hyperfy\\node_modules\\fastify\\lib\\reply.js:620:5)\n    at wrapOnSendEnd (C:\\dev\\hyperfy\\node_modules\\fastify\\lib\\reply.js:548:5)\n    at next (C:\\dev\\hyperfy\\node_modules\\fastify\\lib\\hooks.js:292:7)\n    at Object.onSend (C:\\dev\\hyperfy\\node_modules\\@fastify\\compress\\index.js:259:14)\n    at next (C:\\dev\\hyperfy\\node_modules\\fastify\\lib\\hooks.js:298:30)\n    at handleResolve (C:\\dev\\hyperfy\\node_modules\\fastify\\lib\\hooks.js:309:5)\n    at processTicksAndRejections (node:internal/process/task_queues:105:5)"}
[13:48:59] ERROR    Cannot write headers after they are sent to the client
[2026-01-03T13:48:59.848Z] [ERROR] [Server] Error tracked {"error":"Cannot write headers after they are sent to the client","stack":"Error: Cannot write headers after they are sent to the client\n    at ServerResponse.writeHead (node:_http_server:351:11)\n    at safeWriteHead (C:\\dev\\hyperfy\\node_modules\\fastify\\lib\\reply.js:555:9)\n    at onSendEnd (C:\\dev\\hyperfy\\node_modules\\fastify\\lib\\reply.js:620:5)\n    at wrapOnSendEnd (C:\\dev\\hyperfy\\node_modules\\fastify\\lib\\reply.js:548:5)\n    at next (C:\\dev\\hyperfy\\node_modules\\fastify\\lib\\hooks.js:292:7)\n    at Object.onSend (C:\\dev\\hyperfy\\node_modules\\@fastify\\compress\\index.js:259:14)\n    at next (C:\\dev\\hyperfy\\node_modules\\fastify\\lib\\hooks.js:298:30)\n    at handleResolve (C:\\dev\\hyperfy\\node_modules\\fastify\\lib\\hooks.js:309:5)\n    at processTicksAndRejections (node:internal/process/task_queues:105:5)"}
[13:48:59] ERROR    Error tracked
[2026-01-03T13:48:59.853Z] [ERROR] [Server] Cannot write headers after they are sent to the client {"requestId":"NSxw7wjWvN_W","path":"/env.js","method":"GET","statusCode":500,"stack":"Error: Cannot write headers after they are sent to the client\n    at ServerResponse.writeHead (node:_http_server:351:11)\n    at safeWriteHead (C:\\dev\\hyperfy\\node_modules\\fastify\\lib\\reply.js:555:9)\n    at onSendEnd (C:\\dev\\hyperfy\\node_modules\\fastify\\lib\\reply.js:620:5)\n    at wrapOnSendEnd (C:\\dev\\hyperfy\\node_modules\\fastify\\lib\\reply.js:548:5)\n    at next (C:\\dev\\hyperfy\\node_modules\\fastify\\lib\\hooks.js:292:7)\n    at Object.onSend (C:\\dev\\hyperfy\\node_modules\\@fastify\\compress\\index.js:259:14)\n    at next (C:\\dev\\hyperfy\\node_modules\\fastify\\lib\\hooks.js:298:30)\n    at handleResolve (C:\\dev\\hyperfy\\node_modules\\fastify\\lib\\hooks.js:309:5)\n    at processTicksAndRejections (node:internal/process/task_queues:105:5)"}
[13:48:59] ERROR    Cannot write headers after they are sent to the client
[2026-01-03T13:48:59.853Z] [ERROR] [Server] Error tracked {"error":"Cannot write headers after they are sent to the client","stack":"Error: Cannot write headers after they are sent to the client\n    at ServerResponse.writeHead (node:_http_server:351:11)\n    at safeWriteHead (C:\\dev\\hyperfy\\node_modules\\fastify\\lib\\reply.js:555:9)\n    at onSendEnd (C:\\dev\\hyperfy\\node_modules\\fastify\\lib\\reply.js:620:5)\n    at wrapOnSendEnd (C:\\dev\\hyperfy\\node_modules\\fastify\\lib\\reply.js:548:5)\n    at next (C:\\dev\\hyperfy\\node_modules\\fastify\\lib\\hooks.js:292:7)\n    at Object.onSend (C:\\dev\\hyperfy\\node_modules\\@fastify\\compress\\index.js:259:14)\n    at next (C:\\dev\\hyperfy\\node_modules\\fastify\\lib\\hooks.js:298:30)\n    at handleResolve (C:\\dev\\hyperfy\\node_modules\\fastify\\lib\\hooks.js:309:5)\n    at processTicksAndRejections (node:internal/process/task_queues:105:5)"}
[13:48:59] ERROR    Error tracked
[2026-01-03T13:48:59.860Z] [ERROR] [Routes.Health] Status request failed {"error":"world.performanceMonitor?.getMetrics is not a function"}
[2026-01-03T13:48:59.861Z] [ERROR] [Server] Cannot write headers after they are sent to the client {"requestId":"kRKTUITPT7NV","path":"/api/status","method":"GET","statusCode":500,"stack":"Error: Cannot write headers after they are sent to the client\n    at ServerResponse.writeHead (node:_http_server:351:11)\n    at safeWriteHead (C:\\dev\\hyperfy\\node_modules\\fastify\\lib\\reply.js:555:9)\n    at onSendEnd (C:\\dev\\hyperfy\\node_modules\\fastify\\lib\\reply.js:620:5)\n    at wrapOnSendEnd (C:\\dev\\hyperfy\\node_modules\\fastify\\lib\\reply.js:548:5)\n    at next (C:\\dev\\hyperfy\\node_modules\\fastify\\lib\\hooks.js:292:7)\n    at Object.onSend (C:\\dev\\hyperfy\\node_modules\\@fastify\\compress\\index.js:259:14)\n    at next (C:\\dev\\hyperfy\\node_modules\\fastify\\lib\\hooks.js:298:30)\n    at handleResolve (C:\\dev\\hyperfy\\node_modules\\fastify\\lib\\hooks.js:309:5)\n    at processTicksAndRejections (node:internal/process/task_queues:105:5)"}
[13:48:59] ERROR    Cannot write headers after they are sent to the client
[2026-01-03T13:48:59.861Z] [ERROR] [Server] Error tracked {"error":"Cannot write headers after they are sent to the client","stack":"Error: Cannot write headers after they are sent to the client\n    at ServerResponse.writeHead (node:_http_server:351:11)\n    at safeWriteHead (C:\\dev\\hyperfy\\node_modules\\fastify\\lib\\reply.js:555:9)\n    at onSendEnd (C:\\dev\\hyperfy\\node_modules\\fastify\\lib\\reply.js:620:5)\n    at wrapOnSendEnd (C:\\dev\\hyperfy\\node_modules\\fastify\\lib\\reply.js:548:5)\n    at next (C:\\dev\\hyperfy\\node_modules\\fastify\\lib\\hooks.js:292:7)\n    at Object.onSend (C:\\dev\\hyperfy\\node_modules\\@fastify\\compress\\index.js:259:14)\n    at next (C:\\dev\\hyperfy\\node_modules\\fastify\\lib\\hooks.js:298:30)\n    at handleResolve (C:\\dev\\hyperfy\\node_modules\\fastify\\lib\\hooks.js:309:5)\n    at processTicksAndRejections (node:internal/process/task_queues:105:5)"}
[13:48:59] ERROR    Error tracked
[2026-01-03T13:48:59.863Z] [ERROR] [Server] Cannot write headers after they are sent to the client {"requestId":"1yOkkV0Nqfla","path":"/api/health","method":"GET","statusCode":500,"stack":"Error: Cannot write headers after they are sent to the client\n    at ServerResponse.writeHead (node:_http_server:351:11)\n    at safeWriteHead (C:\\dev\\hyperfy\\node_modules\\fastify\\lib\\reply.js:555:9)\n    at onSendEnd (C:\\dev\\hyperfy\\node_modules\\fastify\\lib\\reply.js:620:5)\n    at wrapOnSendEnd (C:\\dev\\hyperfy\\node_modules\\fastify\\lib\\reply.js:548:5)\n    at next (C:\\dev\\hyperfy\\node_modules\\fastify\\lib\\hooks.js:292:7)\n    at Object.onSend (C:\\dev\\hyperfy\\node_modules\\@fastify\\compress\\index.js:259:14)\n    at next (C:\\dev\\hyperfy\\node_modules\\fastify\\lib\\hooks.js:298:30)\n    at handleResolve (C:\\dev\\hyperfy\\node_modules\\fastify\\lib\\hooks.js:309:5)\n    at processTicksAndRejections (node:internal/process/task_queues:105:5)"}
[13:48:59] ERROR    Cannot write headers after they are sent to the client
[2026-01-03T13:48:59.863Z] [ERROR] [Server] Error tracked {"error":"Cannot write headers after they are sent to the client","stack":"Error: Cannot write headers after they are sent to the client\n    at ServerResponse.writeHead (node:_http_server:351:11)\n    at safeWriteHead (C:\\dev\\hyperfy\\node_modules\\fastify\\lib\\reply.js:555:9)\n    at onSendEnd (C:\\dev\\hyperfy\\node_modules\\fastify\\lib\\reply.js:620:5)\n    at wrapOnSendEnd (C:\\dev\\hyperfy\\node_modules\\fastify\\lib\\reply.js:548:5)\n    at next (C:\\dev\\hyperfy\\node_modules\\fastify\\lib\\hooks.js:292:7)\n    at Object.onSend (C:\\dev\\hyperfy\\node_modules\\@fastify\\compress\\index.js:259:14)\n    at next (C:\\dev\\hyperfy\\node_modules\\fastify\\lib\\hooks.js:298:30)\n    at handleResolve (C:\\dev\\hyperfy\\node_modules\\fastify\\lib\\hooks.js:309:5)\n    at processTicksAndRejections (node:internal/process/task_queues:105:5)"}
[13:48:59] ERROR    Error tracked
[2026-01-03T13:48:59.866Z] [ERROR] [Server] Cannot write headers after they are sent to the client {"requestId":"gQ9cCb-wqcIY","path":"/api/collections","method":"GET","statusCode":500,"stack":"Error: Cannot write headers after they are sent to the client\n    at ServerResponse.writeHead (node:_http_server:351:11)\n    at safeWriteHead (C:\\dev\\hyperfy\\node_modules\\fastify\\lib\\reply.js:555:9)\n    at onSendEnd (C:\\dev\\hyperfy\\node_modules\\fastify\\lib\\reply.js:620:5)\n    at wrapOnSendEnd (C:\\dev\\hyperfy\\node_modules\\fastify\\lib\\reply.js:548:5)\n    at next (C:\\dev\\hyperfy\\node_modules\\fastify\\lib\\hooks.js:292:7)\n    at Object.onSend (C:\\dev\\hyperfy\\node_modules\\@fastify\\compress\\index.js:259:14)\n    at next (C:\\dev\\hyperfy\\node_modules\\fastify\\lib\\hooks.js:298:30)\n    at handleResolve (C:\\dev\\hyperfy\\node_modules\\fastify\\lib\\hooks.js:309:5)\n    at processTicksAndRejections (node:internal/process/task_queues:105:5)"}
[13:48:59] ERROR    Cannot write headers after they are sent to the client
[2026-01-03T13:48:59.866Z] [ERROR] [Server] Error tracked {"error":"Cannot write headers after they are sent to the client","stack":"Error: Cannot write headers after they are sent to the client\n    at ServerResponse.writeHead (node:_http_server:351:11)\n    at safeWriteHead (C:\\dev\\hyperfy\\node_modules\\fastify\\lib\\reply.js:555:9)\n    at onSendEnd (C:\\dev\\hyperfy\\node_modules\\fastify\\lib\\reply.js:620:5)\n    at wrapOnSendEnd (C:\\dev\\hyperfy\\node_modules\\fastify\\lib\\reply.js:548:5)\n    at next (C:\\dev\\hyperfy\\node_modules\\fastify\\lib\\hooks.js:292:7)\n    at Object.onSend (C:\\dev\\hyperfy\\node_modules\\@fastify\\compress\\index.js:259:14)\n    at next (C:\\dev\\hyperfy\\node_modules\\fastify\\lib\\hooks.js:298:30)\n    at handleResolve (C:\\dev\\hyperfy\\node_modules\\fastify\\lib\\hooks.js:309:5)\n    at processTicksAndRejections (node:internal/process/task_queues:105:5)"}
[13:48:59] ERROR    Error tracked
[2026-01-03T13:49:07.313Z] [ERROR] [Routes.Health] Status request failed {"error":"world.performanceMonitor?.getMetrics is not a function"}
[2026-01-03T13:49:07.314Z] [ERROR] [Server] Cannot write headers after they are sent to the client {"requestId":"31CzJmZjPxs3","path":"/api/status","method":"GET","statusCode":500,"stack":"Error: Cannot write headers after they are sent to the client\n    at ServerResponse.writeHead (node:_http_server:351:11)\n    at safeWriteHead (C:\\dev\\hyperfy\\node_modules\\fastify\\lib\\reply.js:555:9)\n    at onSendEnd (C:\\dev\\hyperfy\\node_modules\\fastify\\lib\\reply.js:620:5)\n    at wrapOnSendEnd (C:\\dev\\hyperfy\\node_modules\\fastify\\lib\\reply.js:548:5)\n    at next (C:\\dev\\hyperfy\\node_modules\\fastify\\lib\\hooks.js:292:7)\n    at Object.onSend (C:\\dev\\hyperfy\\node_modules\\@fastify\\compress\\index.js:259:14)\n    at next (C:\\dev\\hyperfy\\node_modules\\fastify\\lib\\hooks.js:298:30)\n    at handleResolve (C:\\dev\\hyperfy\\node_modules\\fastify\\lib\\hooks.js:309:5)\n    at processTicksAndRejections (node:internal/process/task_queues:105:5)"}
[13:49:07] ERROR    Cannot write headers after they are sent to the client
[2026-01-03T13:49:07.315Z] [ERROR] [Server] Error tracked {"error":"Cannot write headers after they are sent to the client","stack":"Error: Cannot write headers after they are sent to the client\n    at ServerResponse.writeHead (node:_http_server:351:11)\n    at safeWriteHead (C:\\dev\\hyperfy\\node_modules\\fastify\\lib\\reply.js:555:9)\n    at onSendEnd (C:\\dev\\hyperfy\\node_modules\\fastify\\lib\\reply.js:620:5)\n    at wrapOnSendEnd (C:\\dev\\hyperfy\\node_modules\\fastify\\lib\\reply.js:548:5)\n    at next (C:\\dev\\hyperfy\\node_modules\\fastify\\lib\\hooks.js:292:7)\n    at Object.onSend (C:\\dev\\hyperfy\\node_modules\\@fastify\\compress\\index.js:259:14)\n    at next (C:\\dev\\hyperfy\\node_modules\\fastify\\lib\\hooks.js:298:30)\n    at handleResolve (C:\\dev\\hyperfy\\node_modules\\fastify\\lib\\hooks.js:309:5)\n    at processTicksAndRejections (node:internal/process/task_queues:105:5)"}
[13:49:07] ERROR    Error tracked
